==== Random Array Results ===
Scale: 1K
Comp QS_1000 : 1885
Comp MS_1000 : 30928
Comp IS_1000 : 500197
Time QS_1000 : 2184.7
Time MS_1000 : 131.4
Time IS_1000 : 2188.6

Scale: 2K
Comp QS_2000 : 3759
Comp MS_2000 : 67856
Comp IS_2000 : 2000397
Time QS_2000 : 2066.3
Time MS_2000 : 251.8
Time IS_2000 : 3671.5

Scale: 3K
Comp QS_3000 : 5622
Comp MS_3000 : 107712
Comp IS_3000 : 4500589
Time QS_3000 : 2448.7
Time MS_3000 : 230.6
Time IS_3000 : 6763.0

Scale: 4K
Comp QS_4000 : 7466
Comp MS_4000 : 147712
Comp IS_4000 : 8000789
Time QS_4000 : 4515.2
Time MS_4000 : 311.3
Time IS_4000 : 13256.0

Scale: 5K
Comp QS_5000 : 9462
Comp MS_5000 : 190424
Comp IS_5000 : 12501013
Time QS_5000 : 7133.5
Time MS_5000 : 514.8
Time IS_5000 : 20925.6

Scale: 6K
Comp QS_6000 : 11286
Comp MS_6000 : 233424
Comp IS_6000 : 18001183
Time QS_6000 : 10060.8
Time MS_6000 : 478.2
Time IS_6000 : 29507.0

Scale: 7K
Comp QS_7000 : 13157
Comp MS_7000 : 276424
Comp IS_7000 : 24501394
Time QS_7000 : 13607.1
Time MS_7000 : 562.7
Time IS_7000 : 40091.2

Scale: 8K
Comp QS_8000 : 15060
Comp MS_8000 : 319424
Comp IS_8000 : 32001612
Time QS_8000 : 15139.0
Time MS_8000 : 565.3
Time IS_8000 : 43238.3

Scale: 9K
Comp QS_9000 : 16906
Comp MS_9000 : 364848
Comp IS_9000 : 40501819
Time QS_9000 : 18771.0
Time MS_9000 : 625.3
Time IS_9000 : 54476.9

Scale: 10K
Comp QS_10000 : 18843
Comp MS_10000 : 410848
Comp IS_10000 : 50001986
Time QS_10000 : 22690.5
Time MS_10000 : 658.8
Time IS_10000 : 66481.9

==== Read from File Results ===
Scale: 1K
Comp QS_1000 : 1027
Comp MS_1000 : 30928
Comp IS_1000 : 1999
Time QS_1000 : 49.53333333333333
Time MS_1000 : 97.93333333333334
Time IS_1000 : 6.733333333333333

Scale: 5K
Comp QS_5000 : 5907
Comp MS_5000 : 190424
Comp IS_5000 : 9999
Time QS_5000 : 283.46666666666664
Time MS_5000 : 628.4666666666667
Time IS_5000 : 31.6

Scale: 10K
Comp QS_10000 : 11811
Comp MS_10000 : 410848
Comp IS_10000 : 19999
Time QS_10000 : 380.1333333333333
Time MS_10000 : 641.9333333333333
Time IS_10000 : 44.666666666666664

Scale: 50K
Comp QS_50000 : 65539
Comp MS_50000 : 2403392
Comp IS_50000 : 99999
Time QS_50000 : 2247.0666666666666
Time MS_50000 : 3603.733333333333
Time IS_50000 : 211.53333333333333

Scale: 100K
Comp QS_100000 : 131075
Comp MS_100000 : 5106784
Comp IS_100000 : 199999
Time QS_100000 : 4890.133333333333
Time MS_100000 : 7593.2
Time IS_100000 : 433.6

